<?xml version="1.0" encoding="UTF-8"?>
<testsuite name="histogram.SimpleHistogramTest" tests="1" skipped="0" failures="0" errors="0" timestamp="2022-06-05T15:15:39" hostname="Mudmis-MacBook-Pro.local" time="0.028">
  <properties/>
  <testcase name="testHistogram()" classname="histogram.SimpleHistogramTest" time="0.028"/>
  <system-out><![CDATA[]]></system-out>
  <system-err><![CDATA[]]></system-err>
</testsuite>
