<?xml version="1.0" encoding="UTF-8"?>
<testsuite name="PusheenWalkerTest" tests="1" skipped="1" failures="0" errors="0" timestamp="2022-06-02T10:04:26" hostname="Mudmis-MacBook-Pro.local" time="12.906">
  <properties/>
  <testcase name="simpleWalkerTest()" classname="PusheenWalkerTest" time="12.906">
    <skipped/>
  </testcase>
  <system-out><![CDATA[]]></system-out>
  <system-err><![CDATA[]]></system-err>
</testsuite>
