<?xml version="1.0" encoding="UTF-8"?>
<testsuite name="MyPriorityQueueTest" tests="1" skipped="0" failures="0" errors="0" timestamp="2022-06-09T08:04:27" hostname="Mudmis-MacBook-Pro.local" time="0.021">
  <properties/>
  <testcase name="testSimpleCases()" classname="MyPriorityQueueTest" time="0.021"/>
  <system-out><![CDATA[]]></system-out>
  <system-err><![CDATA[]]></system-err>
</testsuite>
