<?xml version="1.0" encoding="UTF-8"?>
<testsuite name="SuperPowerTest" tests="1" skipped="0" failures="0" errors="0" timestamp="2022-06-02T09:52:04" hostname="Mudmis-MacBook-Pro.local" time="0.03">
  <properties/>
  <testcase name="simpleNumSPTest()" classname="SuperPowerTest" time="0.03"/>
  <system-out><![CDATA[]]></system-out>
  <system-err><![CDATA[]]></system-err>
</testsuite>
